<?xml version="1.0" encoding="UTF-8"?>
<coverage generated="1671139621050" clover="3.2.0">
  <project timestamp="1671139621050" name="All files">
    <metrics statements="15" coveredstatements="11" conditionals="0" coveredconditionals="0" methods="5" coveredmethods="4" elements="20" coveredelements="15" complexity="0" loc="15" ncloc="15" packages="1" files="2" classes="2"/>
    <file name="apiusdbrl.js" path="/home/vinicius/my-projects/convertmymoney/lib/apiusdbrl.js">
      <metrics statements="10" coveredstatements="6" conditionals="0" coveredconditionals="0" methods="3" coveredmethods="2"/>
      <line num="1" count="1" type="stmt"/>
      <line num="2" count="1" type="stmt"/>
      <line num="4" count="1" type="stmt"/>
      <line num="6" count="1" type="stmt"/>
      <line num="8" count="1" type="stmt"/>
      <line num="9" count="0" type="stmt"/>
      <line num="10" count="0" type="stmt"/>
      <line num="11" count="0" type="stmt"/>
      <line num="13" count="0" type="stmt"/>
      <line num="17" count="1" type="stmt"/>
    </file>
    <file name="convert.js" path="/home/vinicius/my-projects/convertmymoney/lib/convert.js">
      <metrics statements="5" coveredstatements="5" conditionals="0" coveredconditionals="0" methods="2" coveredmethods="2"/>
      <line num="1" count="1" type="stmt"/>
      <line num="2" count="2" type="stmt"/>
      <line num="5" count="1" type="stmt"/>
      <line num="6" count="2" type="stmt"/>
      <line num="9" count="1" type="stmt"/>
    </file>
  </project>
</coverage>
